[debug] [2021-07-08T12:06:29.248Z] ----------------------------------------------------------------------
[debug] [2021-07-08T12:06:29.252Z] Command:       /usr/local/bin/node /usr/local/bin/firebase deploy --project averagewam
[debug] [2021-07-08T12:06:29.253Z] CLI Version:   9.14.0
[debug] [2021-07-08T12:06:29.253Z] Platform:      darwin
[debug] [2021-07-08T12:06:29.253Z] Node Version:  v14.16.0
[debug] [2021-07-08T12:06:29.257Z] Time:          Thu Jul 08 2021 17:36:29 GMT+0530 (India Standard Time)
[debug] [2021-07-08T12:06:29.257Z] ----------------------------------------------------------------------
[debug] 
[debug] [2021-07-08T12:06:29.273Z] > command requires scopes: ["email","openid","https://www.googleapis.com/auth/cloudplatformprojects.readonly","https://www.googleapis.com/auth/firebase","https://www.googleapis.com/auth/cloud-platform"]
[debug] [2021-07-08T12:06:29.273Z] > authorizing via signed-in user (aggarwalpulkit12@gmail.com)
[debug] [2021-07-08T12:06:29.273Z] [iam] checking project averagewam for permissions ["firebase.projects.get","firebasehosting.sites.update"]
[debug] [2021-07-08T12:06:29.276Z] > refreshing access token with scopes: ["email","https://www.googleapis.com/auth/cloud-platform","https://www.googleapis.com/auth/cloudplatformprojects.readonly","https://www.googleapis.com/auth/firebase","openid"]
[debug] [2021-07-08T12:06:29.276Z] >>> HTTP REQUEST POST https://www.googleapis.com/oauth2/v3/token  
 <request body omitted>
[debug] [2021-07-08T12:06:29.522Z] <<< HTTP RESPONSE 200 {"pragma":"no-cache","date":"Thu, 08 Jul 2021 12:06:29 GMT","cache-control":"no-cache, no-store, max-age=0, must-revalidate","expires":"Mon, 01 Jan 1990 00:00:00 GMT","content-type":"application/json; charset=utf-8","vary":"X-Origin, Referer, Origin,Accept-Encoding","server":"scaffolding on HTTPServer2","x-xss-protection":"0","x-frame-options":"SAMEORIGIN","x-content-type-options":"nosniff","alt-svc":"h3=\":443\"; ma=2592000,h3-29=\":443\"; ma=2592000,h3-T051=\":443\"; ma=2592000,h3-Q050=\":443\"; ma=2592000,h3-Q046=\":443\"; ma=2592000,h3-Q043=\":443\"; ma=2592000,quic=\":443\"; ma=2592000; v=\"46,43\"","accept-ranges":"none","transfer-encoding":"chunked"}
[debug] [2021-07-08T12:06:29.565Z] >>> HTTP REQUEST POST https://cloudresourcemanager.googleapis.com/v1/projects/averagewam:testIamPermissions  
 {"permissions":["firebase.projects.get","firebasehosting.sites.update"]}
[debug] [2021-07-08T12:06:31.044Z] <<< HTTP RESPONSE 200 {"content-type":"application/json; charset=UTF-8","vary":"X-Origin, Referer, Origin,Accept-Encoding","date":"Thu, 08 Jul 2021 12:06:30 GMT","server":"ESF","cache-control":"private","x-xss-protection":"0","x-frame-options":"SAMEORIGIN","x-content-type-options":"nosniff","server-timing":"gfet4t7; dur=1357","alt-svc":"h3=\":443\"; ma=2592000,h3-29=\":443\"; ma=2592000,h3-T051=\":443\"; ma=2592000,h3-Q050=\":443\"; ma=2592000,h3-Q046=\":443\"; ma=2592000,h3-Q043=\":443\"; ma=2592000,quic=\":443\"; ma=2592000; v=\"46,43\"","accept-ranges":"none","transfer-encoding":"chunked"}
[debug] [2021-07-08T12:06:31.047Z] > refreshing access token with scopes: []
[debug] [2021-07-08T12:06:31.047Z] >>> HTTP REQUEST POST https://www.googleapis.com/oauth2/v3/token  
 <request body omitted>
[debug] [2021-07-08T12:06:31.456Z] <<< HTTP RESPONSE 200 {"pragma":"no-cache","expires":"Mon, 01 Jan 1990 00:00:00 GMT","date":"Thu, 08 Jul 2021 12:06:31 GMT","cache-control":"no-cache, no-store, max-age=0, must-revalidate","content-type":"application/json; charset=utf-8","vary":"X-Origin, Referer, Origin,Accept-Encoding","server":"scaffolding on HTTPServer2","x-xss-protection":"0","x-frame-options":"SAMEORIGIN","x-content-type-options":"nosniff","alt-svc":"h3=\":443\"; ma=2592000,h3-29=\":443\"; ma=2592000,h3-T051=\":443\"; ma=2592000,h3-Q050=\":443\"; ma=2592000,h3-Q046=\":443\"; ma=2592000,h3-Q043=\":443\"; ma=2592000,quic=\":443\"; ma=2592000; v=\"46,43\"","accept-ranges":"none","transfer-encoding":"chunked"}
[debug] [2021-07-08T12:06:31.504Z] >>> [apiv2][query] GET https://firebase.googleapis.com/v1beta1/projects/averagewam [none]
[debug] [2021-07-08T12:06:32.020Z] <<< [apiv2][status] GET https://firebase.googleapis.com/v1beta1/projects/averagewam 200
[debug] [2021-07-08T12:06:32.020Z] <<< [apiv2][body] GET https://firebase.googleapis.com/v1beta1/projects/averagewam {"projectId":"averagewam","projectNumber":"872427584818","displayName":"averagewam","name":"projects/averagewam","resources":{"hostingSite":"averagewam"},"state":"ACTIVE"}
[info] 
[info] === Deploying to 'averagewam'...
[info] 
[info] i  deploying hosting 
[debug] [2021-07-08T12:06:32.025Z] > refreshing access token with scopes: ["email","https://www.googleapis.com/auth/cloud-platform","https://www.googleapis.com/auth/cloudplatformprojects.readonly","https://www.googleapis.com/auth/firebase","openid"]
[debug] [2021-07-08T12:06:32.026Z] >>> HTTP REQUEST POST https://www.googleapis.com/oauth2/v3/token  
 <request body omitted>
[debug] [2021-07-08T12:06:32.224Z] <<< HTTP RESPONSE 200 {"cache-control":"no-cache, no-store, max-age=0, must-revalidate","date":"Thu, 08 Jul 2021 12:06:32 GMT","expires":"Mon, 01 Jan 1990 00:00:00 GMT","pragma":"no-cache","content-type":"application/json; charset=utf-8","vary":"X-Origin, Referer, Origin,Accept-Encoding","server":"scaffolding on HTTPServer2","x-xss-protection":"0","x-frame-options":"SAMEORIGIN","x-content-type-options":"nosniff","alt-svc":"h3=\":443\"; ma=2592000,h3-29=\":443\"; ma=2592000,h3-T051=\":443\"; ma=2592000,h3-Q050=\":443\"; ma=2592000,h3-Q046=\":443\"; ma=2592000,h3-Q043=\":443\"; ma=2592000,quic=\":443\"; ma=2592000; v=\"46,43\"","accept-ranges":"none","transfer-encoding":"chunked"}
[debug] [2021-07-08T12:06:32.260Z] >>> HTTP REQUEST POST https://firebasehosting.googleapis.com/v1beta1/sites/averagewam/versions  
 {"config":{"rewrites":[{"glob":"**","path":"/index.html"}]},"labels":{"deployment-tool":"cli-firebase"}}
